
C:\Users\Michael\Work\Programing\eclipse\myRetail\server\app\node_modules\mongoose\lib\utils.js:434
        throw err;
              ^
TypeError: Cannot set property 'viewed' of undefined
    at Promise.<anonymous> (C:\Users\Michael\Work\Programing\eclipse\myRetail\server\app\models\Offer.js:22:23)
    at Promise.<anonymous> (C:\Users\Michael\Work\Programing\eclipse\myRetail\server\app\node_modules\mongoose\lib\promise.js:128:8)
    at Promise.EventEmitter.emit (events.js:95:17)
    at Promise.emit (C:\Users\Michael\Work\Programing\eclipse\myRetail\server\app\node_modules\mongoose\lib\promise.js:66:38)
    at Promise.complete (C:\Users\Michael\Work\Programing\eclipse\myRetail\server\app\node_modules\mongoose\lib\promise.js:77:20)
    at cb (C:\Users\Michael\Work\Programing\eclipse\myRetail\server\app\node_modules\mongoose\lib\query.js:1536:32)
    at C:\Users\Michael\Work\Programing\eclipse\myRetail\server\app\node_modules\mongoose\lib\utils.js:429:16
    at C:\Users\Michael\Work\Programing\eclipse\myRetail\server\app\node_modules\mongoose\node_modules\mongodb\lib\mongodb\cursor.js:159:9
    at C:\Users\Michael\Work\Programing\eclipse\myRetail\server\app\node_modules\mongoose\node_modules\mongodb\lib\mongodb\cursor.js:199:11
    at C:\Users\Michael\Work\Programing\eclipse\myRetail\server\app\node_modules\mongoose\node_modules\mongodb\lib\mongodb\cursor.js:557:35

C:\Users\Michael\Work\Programing\eclipse\myRetail\server\app\node_modules\mongoose\lib\utils.js:434
        throw err;
              ^
TypeError: Cannot set property 'viewed' of undefined
    at Promise.<anonymous> (C:\Users\Michael\Work\Programing\eclipse\myRetail\server\app\models\Offer.js:22:23)
    at Promise.<anonymous> (C:\Users\Michael\Work\Programing\eclipse\myRetail\server\app\node_modules\mongoose\lib\promise.js:128:8)
    at Promise.EventEmitter.emit (events.js:95:17)
    at Promise.emit (C:\Users\Michael\Work\Programing\eclipse\myRetail\server\app\node_modules\mongoose\lib\promise.js:66:38)
    at Promise.complete (C:\Users\Michael\Work\Programing\eclipse\myRetail\server\app\node_modules\mongoose\lib\promise.js:77:20)
    at cb (C:\Users\Michael\Work\Programing\eclipse\myRetail\server\app\node_modules\mongoose\lib\query.js:1536:32)
    at C:\Users\Michael\Work\Programing\eclipse\myRetail\server\app\node_modules\mongoose\lib\utils.js:429:16
    at C:\Users\Michael\Work\Programing\eclipse\myRetail\server\app\node_modules\mongoose\node_modules\mongodb\lib\mongodb\cursor.js:159:9
    at C:\Users\Michael\Work\Programing\eclipse\myRetail\server\app\node_modules\mongoose\node_modules\mongodb\lib\mongodb\cursor.js:199:11
    at C:\Users\Michael\Work\Programing\eclipse\myRetail\server\app\node_modules\mongoose\node_modules\mongodb\lib\mongodb\cursor.js:557:35

C:\Users\Michael\Work\Programing\eclipse\myRetail\server\app\node_modules\mongoose\lib\utils.js:434
        throw err;
              ^
TypeError: Cannot set property 'viewed' of undefined
    at Promise.<anonymous> (C:\Users\Michael\Work\Programing\eclipse\myRetail\server\app\models\Offer.js:22:23)
    at Promise.<anonymous> (C:\Users\Michael\Work\Programing\eclipse\myRetail\server\app\node_modules\mongoose\lib\promise.js:128:8)
    at Promise.EventEmitter.emit (events.js:95:17)
    at Promise.emit (C:\Users\Michael\Work\Programing\eclipse\myRetail\server\app\node_modules\mongoose\lib\promise.js:66:38)
    at Promise.complete (C:\Users\Michael\Work\Programing\eclipse\myRetail\server\app\node_modules\mongoose\lib\promise.js:77:20)
    at cb (C:\Users\Michael\Work\Programing\eclipse\myRetail\server\app\node_modules\mongoose\lib\query.js:1536:32)
    at C:\Users\Michael\Work\Programing\eclipse\myRetail\server\app\node_modules\mongoose\lib\utils.js:429:16
    at C:\Users\Michael\Work\Programing\eclipse\myRetail\server\app\node_modules\mongoose\node_modules\mongodb\lib\mongodb\cursor.js:159:9
    at C:\Users\Michael\Work\Programing\eclipse\myRetail\server\app\node_modules\mongoose\node_modules\mongodb\lib\mongodb\cursor.js:199:11
    at C:\Users\Michael\Work\Programing\eclipse\myRetail\server\app\node_modules\mongoose\node_modules\mongodb\lib\mongodb\cursor.js:557:35

C:\Users\Michael\Work\Programing\eclipse\myRetail\server\app\node_modules\mongoose\lib\utils.js:434
        throw err;
              ^
TypeError: Cannot set property 'viewed' of undefined
    at Promise.<anonymous> (C:\Users\Michael\Work\Programing\eclipse\myRetail\server\app\models\Offer.js:22:23)
    at Promise.<anonymous> (C:\Users\Michael\Work\Programing\eclipse\myRetail\server\app\node_modules\mongoose\lib\promise.js:128:8)
    at Promise.EventEmitter.emit (events.js:95:17)
    at Promise.emit (C:\Users\Michael\Work\Programing\eclipse\myRetail\server\app\node_modules\mongoose\lib\promise.js:66:38)
    at Promise.complete (C:\Users\Michael\Work\Programing\eclipse\myRetail\server\app\node_modules\mongoose\lib\promise.js:77:20)
    at cb (C:\Users\Michael\Work\Programing\eclipse\myRetail\server\app\node_modules\mongoose\lib\query.js:1536:32)
    at C:\Users\Michael\Work\Programing\eclipse\myRetail\server\app\node_modules\mongoose\lib\utils.js:429:16
    at C:\Users\Michael\Work\Programing\eclipse\myRetail\server\app\node_modules\mongoose\node_modules\mongodb\lib\mongodb\cursor.js:159:9
    at C:\Users\Michael\Work\Programing\eclipse\myRetail\server\app\node_modules\mongoose\node_modules\mongodb\lib\mongodb\cursor.js:199:11
    at C:\Users\Michael\Work\Programing\eclipse\myRetail\server\app\node_modules\mongoose\node_modules\mongodb\lib\mongodb\cursor.js:557:35

C:\Users\Michael\Work\Programing\eclipse\myRetail\server\app\node_modules\mongoose\lib\utils.js:434
        throw err;
              ^
TypeError: Cannot set property 'viewed' of undefined
    at Promise.<anonymous> (C:\Users\Michael\Work\Programing\eclipse\myRetail\server\app\models\Offer.js:22:23)
    at Promise.<anonymous> (C:\Users\Michael\Work\Programing\eclipse\myRetail\server\app\node_modules\mongoose\lib\promise.js:128:8)
    at Promise.EventEmitter.emit (events.js:95:17)
    at Promise.emit (C:\Users\Michael\Work\Programing\eclipse\myRetail\server\app\node_modules\mongoose\lib\promise.js:66:38)
    at Promise.complete (C:\Users\Michael\Work\Programing\eclipse\myRetail\server\app\node_modules\mongoose\lib\promise.js:77:20)
    at cb (C:\Users\Michael\Work\Programing\eclipse\myRetail\server\app\node_modules\mongoose\lib\query.js:1536:32)
    at C:\Users\Michael\Work\Programing\eclipse\myRetail\server\app\node_modules\mongoose\lib\utils.js:429:16
    at C:\Users\Michael\Work\Programing\eclipse\myRetail\server\app\node_modules\mongoose\node_modules\mongodb\lib\mongodb\cursor.js:159:9
    at C:\Users\Michael\Work\Programing\eclipse\myRetail\server\app\node_modules\mongoose\node_modules\mongodb\lib\mongodb\cursor.js:199:11
    at C:\Users\Michael\Work\Programing\eclipse\myRetail\server\app\node_modules\mongoose\node_modules\mongodb\lib\mongodb\cursor.js:557:35
[31mERROR[39m: Failed to connect database
[31mERROR[39m: Failed to connect database
[31mERROR[39m: Failed to connect database
[31mERROR[39m: Failed to connect database
[31mERROR[39m: Failed to connect database
[31mERROR[39m: Failed to connect database
[31mERROR[39m: Failed to connect database
[31mERROR[39m: Failed to connect database
[31mERROR[39m: Failed to connect database
[31mERROR[39m: Failed to connect database
[31mERROR[39m: Failed to connect database
[31mERROR[39m: Failed to connect database
[31mERROR[39m: Failed to connect database
[31mERROR[39m: Failed to connect database
[31mERROR[39m: Failed to connect database
[31mERROR[39m: Failed to connect database
[31mERROR[39m: Failed to connect database
[31mERROR[39m: Failed to connect database
[31mERROR[39m: Failed to connect database
[31mERROR[39m: Failed to connect database
[31mERROR[39m: Failed to connect database
[31mERROR[39m: Failed to connect database
[31mERROR[39m: Failed to connect database
[31mERROR[39m: Failed to connect database
[31mERROR[39m: Failed to connect database
[31mERROR[39m: Failed to connect database
[31mERROR[39m: Failed to connect database
[31mERROR[39m: Failed to connect database
[31mERROR[39m: Failed to connect database
[31mERROR[39m: Failed to connect database
[31mERROR[39m: Failed to connect database
[31mERROR[39m: Failed to connect database
[31mERROR[39m: Failed to connect database
[31mERROR[39m: Failed to connect database
[31mERROR[39m: Failed to connect database
[31mERROR[39m: Failed to connect database
[31mERROR[39m: Failed to connect database
[31mERROR[39m: Failed to connect database
[31mERROR[39m: Failed to connect database
[31mERROR[39m: Failed to connect database
[31mERROR[39m: Failed to connect database
[31mERROR[39m: Failed to connect database
[31mERROR[39m: Failed to connect database
[31mERROR[39m: Failed to connect database
[31mERROR[39m: Failed to connect database
[31mERROR[39m: Failed to connect database
[31mERROR[39m: Failed to connect database
[31mERROR[39m: Failed to connect database
[31mERROR[39m: Failed to connect database
[31mERROR[39m: Failed to connect database
[31mERROR[39m: Failed to connect database
[31mERROR[39m: Failed to connect database
[31mERROR[39m: Failed to connect database
[31mERROR[39m: Failed to connect database
[31mERROR[39m: Failed to connect database
[31mERROR[39m: Failed to connect database
[31mERROR[39m: Failed to connect database
[31mERROR[39m: Failed to connect database
[31mERROR[39m: Failed to connect database
[31mERROR[39m: Failed to connect database
[31mERROR[39m: Failed to connect database
[31mERROR[39m: Failed to connect database
[31mERROR[39m: Failed to connect database
[31mERROR[39m: Failed to connect database
[31mERROR[39m: Failed to connect database
[31mERROR[39m: Failed to connect database
[31mERROR[39m: Failed to connect database
[31mERROR[39m: Failed to connect database
[31mERROR[39m: Failed to connect database
[31mERROR[39m: Failed to connect database
[31mERROR[39m: Failed to connect database
[31mERROR[39m: Failed to connect database
[31mERROR[39m: Failed to connect database
[31mERROR[39m: Failed to connect database
[31mERROR[39m: Failed to connect database
[31mERROR[39m: Failed to connect database
[31mERROR[39m: Failed to connect database
[31mERROR[39m: Failed to connect database
[31mERROR[39m: Failed to connect database
[31mERROR[39m: Failed to connect database
[31mERROR[39m: Failed to connect database
[31mERROR[39m: Failed to connect database
[31mERROR[39m: Failed to connect database
[31mERROR[39m: Failed to connect database
[31mERROR[39m: Failed to connect database
[31mERROR[39m: Failed to connect database
[31mERROR[39m: Failed to connect database
